android/app/build/intermediates/manifest_merge_blame_file/release/manifest-merger-blame-release-report.txt
1<?xml version="1.0" encoding="utf-8"?>
2<manifest xmlns:android="http://schemas.android.com/apk/res/android"
3    package="com.bongomeals.restaurant"
4    android:versionCode="3"
5    android:versionName="1.03" >
6
7    <uses-sdk
8        android:minSdkVersion="21"
8-->src\main\AndroidManifest.xml
9        android:targetSdkVersion="33" />
9-->src\main\AndroidManifest.xml
10
11    <uses-permission android:name="android.permission.INTERNET" />
11-->src\main\AndroidManifest.xml:3:5-67
11-->src\main\AndroidManifest.xml:3:22-64
12    <uses-permission android:name="android.permission.VIBRATE" />
12-->src\main\AndroidManifest.xml:4:5-66
12-->src\main\AndroidManifest.xml:4:22-63
13    <uses-permission android:name="android.permission.RECEIVE_BOOT_COMPLETED" />
13-->src\main\AndroidManifest.xml:5:5-80
13-->src\main\AndroidManifest.xml:5:22-78
14    <uses-permission android:name="android.permission.ACCESS_FINE_LOCATION" />
14-->src\main\AndroidManifest.xml:6:5-79
14-->src\main\AndroidManifest.xml:6:22-76
15    <uses-permission android:name="android.permission.WAKE_LOCK" />
15-->[:react-native-firebase_database] AndroidManifest.xml:8:5-68
15-->[:react-native-firebase_database] AndroidManifest.xml:8:22-65
16    <uses-permission android:name="android.permission.ACCESS_NETWORK_STATE" /> <!-- Required to access Google Play Licensing -->
16-->[:react-native-firebase_database] AndroidManifest.xml:9:5-79
16-->[:react-native-firebase_database] AndroidManifest.xml:9:22-76
17    <uses-permission android:name="com.android.vending.CHECK_LICENSE" /> <!-- Required to check whether Wi-Fi is enabled -->
17-->[:rn-fetch-blob] AndroidManifest.xml:8:5-73
17-->[:rn-fetch-blob] AndroidManifest.xml:8:22-70
18    <uses-permission android:name="android.permission.ACCESS_WIFI_STATE" /> <!-- Required to read and write the expansion files on shared storage -->
18-->[:rn-fetch-blob] AndroidManifest.xml:26:5-76
18-->[:rn-fetch-blob] AndroidManifest.xml:26:22-73
19    <uses-permission android:name="android.permission.WRITE_EXTERNAL_STORAGE" />
19-->[:rn-fetch-blob] AndroidManifest.xml:29:5-81
19-->[:rn-fetch-blob] AndroidManifest.xml:29:22-78
20    <uses-permission android:name="android.permission.READ_EXTERNAL_STORAGE" />
21
22    <queries>
22-->[com.razorpay:checkout:1.6.35] AndroidManifest.xml:10:5-39:15
23        <intent>
23-->[com.razorpay:checkout:1.6.35] AndroidManifest.xml:11:9-17:18
24            <action android:name="android.intent.action.VIEW" />
24-->[com.razorpay:checkout:1.6.35] AndroidManifest.xml:12:13-65
24-->[com.razorpay:checkout:1.6.35] AndroidManifest.xml:12:21-62
25
26            <data
26-->[com.razorpay:checkout:1.6.35] AndroidManifest.xml:14:13-16:38
27                android:mimeType="*/*"
27-->[com.razorpay:checkout:1.6.35] AndroidManifest.xml:15:17-39
28                android:scheme="*" />
28-->[com.razorpay:checkout:1.6.35] AndroidManifest.xml:16:17-35
29        </intent>
30        <intent>
30-->[com.razorpay:checkout:1.6.35] AndroidManifest.xml:18:9-27:18
31            <action android:name="android.intent.action.VIEW" />
31-->[com.razorpay:checkout:1.6.35] AndroidManifest.xml:12:13-65
31-->[com.razorpay:checkout:1.6.35] AndroidManifest.xml:12:21-62
32
33            <category android:name="android.intent.category.BROWSABLE" />
33-->[com.razorpay:checkout:1.6.35] AndroidManifest.xml:21:13-74
33-->[com.razorpay:checkout:1.6.35] AndroidManifest.xml:21:23-71
34
35            <data
35-->[com.razorpay:checkout:1.6.35] AndroidManifest.xml:14:13-16:38
36                android:host="pay"
37                android:mimeType="*/*"
37-->[com.razorpay:checkout:1.6.35] AndroidManifest.xml:15:17-39
38                android:scheme="upi" />
38-->[com.razorpay:checkout:1.6.35] AndroidManifest.xml:16:17-35
39        </intent>
40        <intent>
40-->[com.razorpay:checkout:1.6.35] AndroidManifest.xml:28:9-30:18
41            <action android:name="android.intent.action.MAIN" />
41-->src\main\AndroidManifest.xml:47:13-65
41-->src\main\AndroidManifest.xml:47:21-62
42        </intent>
43        <intent>
43-->[com.razorpay:checkout:1.6.35] AndroidManifest.xml:31:9-35:18
44            <action android:name="android.intent.action.SEND" />
44-->[com.razorpay:checkout:1.6.35] AndroidManifest.xml:32:13-65
44-->[com.razorpay:checkout:1.6.35] AndroidManifest.xml:32:21-62
45
46            <data android:mimeType="*/*" />
46-->[com.razorpay:checkout:1.6.35] AndroidManifest.xml:14:13-16:38
46-->[com.razorpay:checkout:1.6.35] AndroidManifest.xml:15:17-39
47        </intent>
48        <intent>
48-->[com.razorpay:checkout:1.6.35] AndroidManifest.xml:36:9-38:18
49            <action android:name="rzp.device_token.share" />
49-->[com.razorpay:checkout:1.6.35] AndroidManifest.xml:37:13-61
49-->[com.razorpay:checkout:1.6.35] AndroidManifest.xml:37:21-58
50        </intent>
51        <!-- Needs to be explicitly declared on Android R+ -->
52        <package android:name="com.google.android.apps.maps" />
52-->[com.google.android.gms:play-services-maps:18.0.2] AndroidManifest.xml:33:9-64
52-->[com.google.android.gms:play-services-maps:18.0.2] AndroidManifest.xml:33:18-61
53    </queries>
54
55    <uses-feature
55-->[com.google.android.gms:play-services-maps:18.0.2] AndroidManifest.xml:26:5-28:35
56        android:glEsVersion="0x00020000"
56-->[com.google.android.gms:play-services-maps:18.0.2] AndroidManifest.xml:27:9-41
57        android:required="true" />
57-->[com.google.android.gms:play-services-maps:18.0.2] AndroidManifest.xml:28:9-32
58
59    <uses-permission android:name="android.permission.POST_NOTIFICATIONS" /> <!-- Required by older versions of Google Play services to create IID tokens -->
59-->[com.google.firebase:firebase-messaging:23.1.2] AndroidManifest.xml:25:5-77
59-->[com.google.firebase:firebase-messaging:23.1.2] AndroidManifest.xml:25:22-74
60    <uses-permission android:name="com.google.android.c2dm.permission.RECEIVE" />
60-->[com.google.firebase:firebase-messaging:23.1.2] AndroidManifest.xml:28:5-82
60-->[com.google.firebase:firebase-messaging:23.1.2] AndroidManifest.xml:28:22-79
61    <uses-permission android:name="com.google.android.gms.permission.AD_ID" />
61-->[com.google.android.gms:play-services-measurement-api:21.2.1] AndroidManifest.xml:25:5-79
61-->[com.google.android.gms:play-services-measurement-api:21.2.1] AndroidManifest.xml:25:22-76
62    <uses-permission android:name="com.google.android.finsky.permission.BIND_GET_INSTALL_REFERRER_SERVICE" />
62-->[com.google.android.gms:play-services-measurement:21.2.1] AndroidManifest.xml:26:5-110
62-->[com.google.android.gms:play-services-measurement:21.2.1] AndroidManifest.xml:26:22-107
63    <uses-permission android:name="android.permission.FOREGROUND_SERVICE" /> <!-- for android -->
63-->[androidx.work:work-runtime:2.7.1] AndroidManifest.xml:28:5-77
63-->[androidx.work:work-runtime:2.7.1] AndroidManifest.xml:28:22-74
64    <!-- <uses-permission android:name="com.android.launcher.permission.READ_SETTINGS"/> -->
65    <!-- <uses-permission android:name="com.android.launcher.permission.WRITE_SETTINGS"/> -->
66    <!-- <uses-permission android:name="com.android.launcher.permission.INSTALL_SHORTCUT" /> -->
67    <!-- <uses-permission android:name="com.android.launcher.permission.UNINSTALL_SHORTCUT" /> -->
68    <!-- for Samsung -->
69    <uses-permission android:name="com.sec.android.provider.badge.permission.READ" />
69-->[me.leolin:ShortcutBadger:1.1.22] AndroidManifest.xml:19:5-86
69-->[me.leolin:ShortcutBadger:1.1.22] AndroidManifest.xml:19:22-83
70    <uses-permission android:name="com.sec.android.provider.badge.permission.WRITE" /> <!-- for htc -->
70-->[me.leolin:ShortcutBadger:1.1.22] AndroidManifest.xml:20:5-87
70-->[me.leolin:ShortcutBadger:1.1.22] AndroidManifest.xml:20:22-84
71    <uses-permission android:name="com.htc.launcher.permission.READ_SETTINGS" />
71-->[me.leolin:ShortcutBadger:1.1.22] AndroidManifest.xml:23:5-81
71-->[me.leolin:ShortcutBadger:1.1.22] AndroidManifest.xml:23:22-78
72    <uses-permission android:name="com.htc.launcher.permission.UPDATE_SHORTCUT" /> <!-- for sony -->
72-->[me.leolin:ShortcutBadger:1.1.22] AndroidManifest.xml:24:5-83
72-->[me.leolin:ShortcutBadger:1.1.22] AndroidManifest.xml:24:22-80
73    <uses-permission android:name="com.sonyericsson.home.permission.BROADCAST_BADGE" />
73-->[me.leolin:ShortcutBadger:1.1.22] AndroidManifest.xml:27:5-88
73-->[me.leolin:ShortcutBadger:1.1.22] AndroidManifest.xml:27:22-85
74    <uses-permission android:name="com.sonymobile.home.permission.PROVIDER_INSERT_BADGE" /> <!-- for apex -->
74-->[me.leolin:ShortcutBadger:1.1.22] AndroidManifest.xml:28:5-92
74-->[me.leolin:ShortcutBadger:1.1.22] AndroidManifest.xml:28:22-89
75    <uses-permission android:name="com.anddoes.launcher.permission.UPDATE_COUNT" /> <!-- for solid -->
75-->[me.leolin:ShortcutBadger:1.1.22] AndroidManifest.xml:31:5-84
75-->[me.leolin:ShortcutBadger:1.1.22] AndroidManifest.xml:31:22-81
76    <uses-permission android:name="com.majeur.launcher.permission.UPDATE_BADGE" /> <!-- for huawei -->
76-->[me.leolin:ShortcutBadger:1.1.22] AndroidManifest.xml:34:5-83
76-->[me.leolin:ShortcutBadger:1.1.22] AndroidManifest.xml:34:22-80
77    <uses-permission android:name="com.huawei.android.launcher.permission.CHANGE_BADGE" />
77-->[me.leolin:ShortcutBadger:1.1.22] AndroidManifest.xml:37:5-91
77-->[me.leolin:ShortcutBadger:1.1.22] AndroidManifest.xml:37:22-88
78    <uses-permission android:name="com.huawei.android.launcher.permission.READ_SETTINGS" />
78-->[me.leolin:ShortcutBadger:1.1.22] AndroidManifest.xml:38:5-92
78-->[me.leolin:ShortcutBadger:1.1.22] AndroidManifest.xml:38:22-89
79    <uses-permission android:name="com.huawei.android.launcher.permission.WRITE_SETTINGS" /> <!-- for ZUK -->
79-->[me.leolin:ShortcutBadger:1.1.22] AndroidManifest.xml:39:5-93
79-->[me.leolin:ShortcutBadger:1.1.22] AndroidManifest.xml:39:22-90
80    <uses-permission android:name="android.permission.READ_APP_BADGE" /> <!-- for OPPO -->
80-->[me.leolin:ShortcutBadger:1.1.22] AndroidManifest.xml:42:5-73
80-->[me.leolin:ShortcutBadger:1.1.22] AndroidManifest.xml:42:22-70
81    <uses-permission android:name="com.oppo.launcher.permission.READ_SETTINGS" />
81-->[me.leolin:ShortcutBadger:1.1.22] AndroidManifest.xml:45:5-82
81-->[me.leolin:ShortcutBadger:1.1.22] AndroidManifest.xml:45:22-79
82    <uses-permission android:name="com.oppo.launcher.permission.WRITE_SETTINGS" /> <!-- for EvMe -->
82-->[me.leolin:ShortcutBadger:1.1.22] AndroidManifest.xml:46:5-83
82-->[me.leolin:ShortcutBadger:1.1.22] AndroidManifest.xml:46:22-80
83    <uses-permission android:name="me.everything.badger.permission.BADGE_COUNT_READ" />
83-->[me.leolin:ShortcutBadger:1.1.22] AndroidManifest.xml:49:5-88
83-->[me.leolin:ShortcutBadger:1.1.22] AndroidManifest.xml:49:22-85
84    <uses-permission android:name="me.everything.badger.permission.BADGE_COUNT_WRITE" />
84-->[me.leolin:ShortcutBadger:1.1.22] AndroidManifest.xml:50:5-89
84-->[me.leolin:ShortcutBadger:1.1.22] AndroidManifest.xml:50:22-86
85
86    <application
86-->src\main\AndroidManifest.xml:7:5-56:19
87        android:name="com.bongomeals.restaurant.MainApplication"
87-->src\main\AndroidManifest.xml:8:7-38
88        android:allowBackup="false"
88-->src\main\AndroidManifest.xml:12:7-34
89        android:appComponentFactory="androidx.core.app.CoreComponentFactory"
89-->[androidx.core:core:1.7.0] AndroidManifest.xml:24:18-86
90        android:icon="@mipmap/ic_launcher"
90-->src\main\AndroidManifest.xml:10:7-41
91        android:label="@string/app_name"
91-->src\main\AndroidManifest.xml:9:7-39
92        android:networkSecurityConfig="@xml/network_security_config"
92-->src\main\AndroidManifest.xml:15:7-67
93        android:roundIcon="@mipmap/ic_launcher_round"
93-->src\main\AndroidManifest.xml:11:7-52
94        android:theme="@style/AppTheme"
94-->src\main\AndroidManifest.xml:13:7-38
95        android:usesCleartextTraffic="true" >
95-->src\main\AndroidManifest.xml:14:7-42
96        <meta-data
96-->src\main\AndroidManifest.xml:17:9-121
97            android:name="com.dieam.reactnativepushnotification.notification_foreground"
97-->src\main\AndroidManifest.xml:17:21-97
98            android:value="false" />
98-->src\main\AndroidManifest.xml:17:98-119
99        <meta-data
99-->src\main\AndroidManifest.xml:19:9-126
100            android:name="com.dieam.reactnativepushnotification.notification_color"
100-->src\main\AndroidManifest.xml:19:21-92
101            android:resource="@color/white" />
101-->src\main\AndroidManifest.xml:19:93-124
102
103        <receiver android:name="com.dieam.reactnativepushnotification.modules.RNPushNotificationActions" />
103-->src\main\AndroidManifest.xml:21:9-109
103-->src\main\AndroidManifest.xml:21:20-106
104        <receiver android:name="com.dieam.reactnativepushnotification.modules.RNPushNotificationPublisher" />
104-->src\main\AndroidManifest.xml:22:9-111
104-->src\main\AndroidManifest.xml:22:20-108
105        <receiver
105-->src\main\AndroidManifest.xml:23:9-29:20
106            android:name="com.dieam.reactnativepushnotification.modules.RNPushNotificationBootEventReceiver"
106-->src\main\AndroidManifest.xml:23:43-139
107            android:exported="true" >
107-->src\main\AndroidManifest.xml:23:19-42
108            <intent-filter>
108-->src\main\AndroidManifest.xml:24:13-28:29
109                <action android:name="android.intent.action.BOOT_COMPLETED" />
109-->src\main\AndroidManifest.xml:25:17-79
109-->src\main\AndroidManifest.xml:25:25-76
110                <action android:name="android.intent.action.QUICKBOOT_POWERON" />
110-->src\main\AndroidManifest.xml:26:17-82
110-->src\main\AndroidManifest.xml:26:25-79
111                <action android:name="com.htc.intent.action.QUICKBOOT_POWERON" />
111-->src\main\AndroidManifest.xml:27:17-81
111-->src\main\AndroidManifest.xml:27:25-79
112            </intent-filter>
113        </receiver>
114
115        <service
115-->src\main\AndroidManifest.xml:31:9-37:19
116            android:name="com.dieam.reactnativepushnotification.modules.RNPushNotificationListenerService"
116-->src\main\AndroidManifest.xml:32:13-107
117            android:exported="false" >
117-->src\main\AndroidManifest.xml:33:13-37
118            <intent-filter>
118-->src\main\AndroidManifest.xml:34:13-36:29
119                <action android:name="com.google.firebase.MESSAGING_EVENT" />
119-->src\main\AndroidManifest.xml:35:17-78
119-->src\main\AndroidManifest.xml:35:25-75
120            </intent-filter>
121        </service>
122
123        <activity
123-->src\main\AndroidManifest.xml:39:7-50:18
124            android:name="com.bongomeals.restaurant.MainActivity"
124-->src\main\AndroidManifest.xml:40:9-37
125            android:configChanges="keyboard|keyboardHidden|orientation|screenLayout|screenSize|smallestScreenSize|uiMode"
125-->src\main\AndroidManifest.xml:42:9-118
126            android:exported="true"
126-->src\main\AndroidManifest.xml:45:9-32
127            android:label="@string/app_name"
127-->src\main\AndroidManifest.xml:41:9-41
128            android:launchMode="singleTask"
128-->src\main\AndroidManifest.xml:43:9-40
129            android:windowSoftInputMode="adjustResize" >
129-->src\main\AndroidManifest.xml:44:9-51
130            <intent-filter>
130-->src\main\AndroidManifest.xml:46:9-49:25
131                <action android:name="android.intent.action.MAIN" />
131-->src\main\AndroidManifest.xml:47:13-65
131-->src\main\AndroidManifest.xml:47:21-62
132
133                <category android:name="android.intent.category.LAUNCHER" />
133-->src\main\AndroidManifest.xml:48:13-73
133-->src\main\AndroidManifest.xml:48:23-70
134            </intent-filter>
135        </activity>
136
137        <meta-data
137-->src\main\AndroidManifest.xml:52:8-54:66
138            android:name="com.google.android.geo.API_KEY"
138-->src\main\AndroidManifest.xml:53:9-54
139            android:value="AIzaSyCp77n_8Z2QDcWMebzUwHK_z3Q1ibZifkA" />
139-->src\main\AndroidManifest.xml:54:9-64
140        <meta-data
140-->[:react-native-firebase_app] AndroidManifest.xml:9:9-11:36
141            android:name="app_data_collection_default_enabled"
141-->[:react-native-firebase_app] AndroidManifest.xml:10:13-63
142            android:value="true" />
142-->[:react-native-firebase_app] AndroidManifest.xml:11:13-33
143
144        <service
144-->[:react-native-firebase_app] AndroidManifest.xml:13:9-21:19
145            android:name="com.google.firebase.components.ComponentDiscoveryService"
145-->[:react-native-firebase_app] AndroidManifest.xml:14:13-84
146            android:directBootAware="true"
146-->[:react-native-firebase_app] AndroidManifest.xml:15:13-43
147            android:exported="false" >
147-->[:react-native-firebase_app] AndroidManifest.xml:16:13-37
148            <meta-data
148-->[:react-native-firebase_app] AndroidManifest.xml:18:13-20:85
149                android:name="com.google.firebase.components:io.invertase.firebase.app.ReactNativeFirebaseAppRegistrar"
149-->[:react-native-firebase_app] AndroidManifest.xml:19:17-120
150                android:value="com.google.firebase.components.ComponentRegistrar" />
150-->[:react-native-firebase_app] AndroidManifest.xml:20:17-82
151            <meta-data
151-->[com.google.firebase:firebase-messaging:23.1.2] AndroidManifest.xml:55:13-57:85
152                android:name="com.google.firebase.components:com.google.firebase.messaging.FirebaseMessagingRegistrar"
152-->[com.google.firebase:firebase-messaging:23.1.2] AndroidManifest.xml:56:17-119
153                android:value="com.google.firebase.components.ComponentRegistrar" />
153-->[com.google.firebase:firebase-messaging:23.1.2] AndroidManifest.xml:57:17-82
154            <meta-data
154-->[com.google.firebase:firebase-database:20.1.0] AndroidManifest.xml:31:13-33:85
155                android:name="com.google.firebase.components:com.google.firebase.database.DatabaseRegistrar"
155-->[com.google.firebase:firebase-database:20.1.0] AndroidManifest.xml:32:17-109
156                android:value="com.google.firebase.components.ComponentRegistrar" />
156-->[com.google.firebase:firebase-database:20.1.0] AndroidManifest.xml:33:17-82
157            <meta-data
157-->[com.google.android.gms:play-services-measurement-api:21.2.1] AndroidManifest.xml:31:13-33:85
158                android:name="com.google.firebase.components:com.google.firebase.analytics.connector.internal.AnalyticsConnectorRegistrar"
158-->[com.google.android.gms:play-services-measurement-api:21.2.1] AndroidManifest.xml:32:17-139
159                android:value="com.google.firebase.components.ComponentRegistrar" />
159-->[com.google.android.gms:play-services-measurement-api:21.2.1] AndroidManifest.xml:33:17-82
160            <meta-data
160-->[com.google.firebase:firebase-datatransport:18.1.7] AndroidManifest.xml:27:13-29:85
161                android:name="com.google.firebase.components:com.google.firebase.datatransport.TransportRegistrar"
161-->[com.google.firebase:firebase-datatransport:18.1.7] AndroidManifest.xml:28:17-115
162                android:value="com.google.firebase.components.ComponentRegistrar" />
162-->[com.google.firebase:firebase-datatransport:18.1.7] AndroidManifest.xml:29:17-82
163            <meta-data
163-->[com.google.firebase:firebase-installations:17.1.3] AndroidManifest.xml:17:13-19:85
164                android:name="com.google.firebase.components:com.google.firebase.installations.FirebaseInstallationsRegistrar"
164-->[com.google.firebase:firebase-installations:17.1.3] AndroidManifest.xml:18:17-127
165                android:value="com.google.firebase.components.ComponentRegistrar" />
165-->[com.google.firebase:firebase-installations:17.1.3] AndroidManifest.xml:19:17-82
166        </service>
167
168        <provider
168-->[:react-native-firebase_app] AndroidManifest.xml:23:9-27:38
169            android:name="io.invertase.firebase.app.ReactNativeFirebaseAppInitProvider"
169-->[:react-native-firebase_app] AndroidManifest.xml:24:13-88
170            android:authorities="com.bongomeals.restaurant.reactnativefirebaseappinitprovider"
170-->[:react-native-firebase_app] AndroidManifest.xml:25:13-86
171            android:exported="false"
171-->[:react-native-firebase_app] AndroidManifest.xml:26:13-37
172            android:initOrder="99" />
172-->[:react-native-firebase_app] AndroidManifest.xml:27:13-35
173        <provider
173-->[:react-native-image-picker] AndroidManifest.xml:8:9-16:20
174            android:name="com.imagepicker.ImagePickerProvider"
174-->[:react-native-image-picker] AndroidManifest.xml:9:13-63
175            android:authorities="com.bongomeals.restaurant.imagepickerprovider"
175-->[:react-native-image-picker] AndroidManifest.xml:10:13-71
176            android:exported="false"
176-->[:react-native-image-picker] AndroidManifest.xml:11:13-37
177            android:grantUriPermissions="true" >
177-->[:react-native-image-picker] AndroidManifest.xml:12:13-47
178            <meta-data
178-->[:react-native-image-picker] AndroidManifest.xml:13:13-15:70
179                android:name="android.support.FILE_PROVIDER_PATHS"
179-->[:react-native-image-picker] AndroidManifest.xml:14:17-67
180                android:resource="@xml/imagepicker_provider_paths" />
180-->[:react-native-image-picker] AndroidManifest.xml:15:17-67
181        </provider>
182
183        <activity
183-->[:react-native-razorpay] AndroidManifest.xml:8:9-10:86
184            android:name="com.razorpay.CheckoutActivity"
184-->[:react-native-razorpay] AndroidManifest.xml:9:13-57
185            android:configChanges="keyboard|keyboardHidden|orientation|screenSize"
185-->[:react-native-razorpay] AndroidManifest.xml:10:13-83
186            android:exported="false"
186-->[com.razorpay:checkout:1.6.35] AndroidManifest.xml:54:13-37
187            android:theme="@style/CheckoutTheme" >
187-->[com.razorpay:checkout:1.6.35] AndroidManifest.xml:55:13-49
188            <intent-filter>
188-->[com.razorpay:checkout:1.6.35] AndroidManifest.xml:56:13-58:29
189                <action android:name="android.intent.action.MAIN" />
189-->src\main\AndroidManifest.xml:47:13-65
189-->src\main\AndroidManifest.xml:47:21-62
190            </intent-filter>
191        </activity>
192
193        <provider
193-->[:react-native-webview] AndroidManifest.xml:8:9-16:20
194            android:name="com.reactnativecommunity.webview.RNCWebViewFileProvider"
194-->[:react-native-webview] AndroidManifest.xml:9:13-83
195            android:authorities="com.bongomeals.restaurant.fileprovider"
195-->[:react-native-webview] AndroidManifest.xml:10:13-64
196            android:exported="false"
196-->[:react-native-webview] AndroidManifest.xml:11:13-37
197            android:grantUriPermissions="true" >
197-->[:react-native-webview] AndroidManifest.xml:12:13-47
198            <meta-data
198-->[:react-native-image-picker] AndroidManifest.xml:13:13-15:70
199                android:name="android.support.FILE_PROVIDER_PATHS"
199-->[:react-native-image-picker] AndroidManifest.xml:14:17-67
200                android:resource="@xml/file_provider_paths" />
200-->[:react-native-image-picker] AndroidManifest.xml:15:17-67
201        </provider>
202        <provider
202-->[:rn-fetch-blob] AndroidManifest.xml:32:9-40:20
203            android:name="com.RNFetchBlob.Utils.FileProvider"
203-->[:rn-fetch-blob] AndroidManifest.xml:33:13-62
204            android:authorities="com.bongomeals.restaurant.provider"
204-->[:rn-fetch-blob] AndroidManifest.xml:34:13-60
205            android:exported="false"
205-->[:rn-fetch-blob] AndroidManifest.xml:35:13-37
206            android:grantUriPermissions="true" >
206-->[:rn-fetch-blob] AndroidManifest.xml:36:13-47
207            <meta-data
207-->[:react-native-image-picker] AndroidManifest.xml:13:13-15:70
208                android:name="android.support.FILE_PROVIDER_PATHS"
208-->[:react-native-image-picker] AndroidManifest.xml:14:17-67
209                android:resource="@xml/provider_paths" />
209-->[:react-native-image-picker] AndroidManifest.xml:15:17-67
210        </provider>
211
212        <receiver
212-->[com.razorpay:checkout:1.6.35] AndroidManifest.xml:42:9-49:20
213            android:name="com.razorpay.RzpTokenReceiver"
213-->[com.razorpay:checkout:1.6.35] AndroidManifest.xml:43:13-57
214            android:exported="true" >
214-->[com.razorpay:checkout:1.6.35] AndroidManifest.xml:44:13-36
215            <intent-filter>
215-->[com.razorpay:checkout:1.6.35] AndroidManifest.xml:46:13-48:29
216                <action android:name="rzp.device_token.share" />
216-->[com.razorpay:checkout:1.6.35] AndroidManifest.xml:37:13-61
216-->[com.razorpay:checkout:1.6.35] AndroidManifest.xml:37:21-58
217            </intent-filter>
218        </receiver>
219
220        <meta-data
220-->[com.razorpay:checkout:1.6.35] AndroidManifest.xml:61:9-63:58
221            android:name="com.razorpay.plugin.googlepay_all"
221-->[com.razorpay:checkout:1.6.35] AndroidManifest.xml:62:13-61
222            android:value="com.razorpay.RzpGpayMerged" />
222-->[com.razorpay:checkout:1.6.35] AndroidManifest.xml:63:13-55
223
224        <activity
224-->[com.google.android.gms:play-services-auth:20.3.0] AndroidManifest.xml:23:9-27:75
225            android:name="com.google.android.gms.auth.api.signin.internal.SignInHubActivity"
225-->[com.google.android.gms:play-services-auth:20.3.0] AndroidManifest.xml:24:13-93
226            android:excludeFromRecents="true"
226-->[com.google.android.gms:play-services-auth:20.3.0] AndroidManifest.xml:25:13-46
227            android:exported="false"
227-->[com.google.android.gms:play-services-auth:20.3.0] AndroidManifest.xml:26:13-37
228            android:theme="@android:style/Theme.Translucent.NoTitleBar" />
228-->[com.google.android.gms:play-services-auth:20.3.0] AndroidManifest.xml:27:13-72
229        <!--
230            Service handling Google Sign-In user revocation. For apps that do not integrate with
231            Google Sign-In, this service will never be started.
232        -->
233        <service
233-->[com.google.android.gms:play-services-auth:20.3.0] AndroidManifest.xml:33:9-37:51
234            android:name="com.google.android.gms.auth.api.signin.RevocationBoundService"
234-->[com.google.android.gms:play-services-auth:20.3.0] AndroidManifest.xml:34:13-89
235            android:exported="true"
235-->[com.google.android.gms:play-services-auth:20.3.0] AndroidManifest.xml:35:13-36
236            android:permission="com.google.android.gms.auth.api.signin.permission.REVOCATION_NOTIFICATION"
236-->[com.google.android.gms:play-services-auth:20.3.0] AndroidManifest.xml:36:13-107
237            android:visibleToInstantApps="true" />
237-->[com.google.android.gms:play-services-auth:20.3.0] AndroidManifest.xml:37:13-48
238
239        <meta-data
239-->[com.github.bumptech.glide:okhttp3-integration:4.12.0] AndroidManifest.xml:11:9-13:43
240            android:name="com.bumptech.glide.integration.okhttp3.OkHttpGlideModule"
240-->[com.github.bumptech.glide:okhttp3-integration:4.12.0] AndroidManifest.xml:12:13-84
241            android:value="GlideModule" /> <!-- Needs to be explicitly declared on P+ -->
241-->[com.github.bumptech.glide:okhttp3-integration:4.12.0] AndroidManifest.xml:13:13-40
242        <uses-library
242-->[com.google.android.gms:play-services-maps:18.0.2] AndroidManifest.xml:39:9-41:40
243            android:name="org.apache.http.legacy"
243-->[com.google.android.gms:play-services-maps:18.0.2] AndroidManifest.xml:40:13-50
244            android:required="false" />
244-->[com.google.android.gms:play-services-maps:18.0.2] AndroidManifest.xml:41:13-37
245
246        <receiver
246-->[com.google.firebase:firebase-messaging:23.1.2] AndroidManifest.xml:31:9-38:20
247            android:name="com.google.firebase.iid.FirebaseInstanceIdReceiver"
247-->[com.google.firebase:firebase-messaging:23.1.2] AndroidManifest.xml:32:13-78
248            android:exported="true"
248-->[com.google.firebase:firebase-messaging:23.1.2] AndroidManifest.xml:33:13-36
249            android:permission="com.google.android.c2dm.permission.SEND" >
249-->[com.google.firebase:firebase-messaging:23.1.2] AndroidManifest.xml:34:13-73
250            <intent-filter>
250-->[com.google.firebase:firebase-messaging:23.1.2] AndroidManifest.xml:35:13-37:29
251                <action android:name="com.google.android.c2dm.intent.RECEIVE" />
251-->[com.google.firebase:firebase-messaging:23.1.2] AndroidManifest.xml:36:17-81
251-->[com.google.firebase:firebase-messaging:23.1.2] AndroidManifest.xml:36:25-78
252            </intent-filter>
253        </receiver>
254        <!--
255             FirebaseMessagingService performs security checks at runtime,
256             but set to not exported to explicitly avoid allowing another app to call it.
257        -->
258        <service
258-->[com.google.firebase:firebase-messaging:23.1.2] AndroidManifest.xml:44:9-51:19
259            android:name="com.google.firebase.messaging.FirebaseMessagingService"
259-->[com.google.firebase:firebase-messaging:23.1.2] AndroidManifest.xml:45:13-82
260            android:directBootAware="true"
260-->[com.google.firebase:firebase-messaging:23.1.2] AndroidManifest.xml:46:13-43
261            android:exported="false" >
261-->[com.google.firebase:firebase-messaging:23.1.2] AndroidManifest.xml:47:13-37
262            <intent-filter android:priority="-500" >
262-->src\main\AndroidManifest.xml:34:13-36:29
263                <action android:name="com.google.firebase.MESSAGING_EVENT" />
263-->src\main\AndroidManifest.xml:35:17-78
263-->src\main\AndroidManifest.xml:35:25-75
264            </intent-filter>
265        </service>
266
267        <activity
267-->[com.google.android.gms:play-services-base:18.1.0] AndroidManifest.xml:20:9-22:45
268            android:name="com.google.android.gms.common.api.GoogleApiActivity"
268-->[com.google.android.gms:play-services-base:18.1.0] AndroidManifest.xml:20:19-85
269            android:exported="false"